INFO 2017-06-13 12:43:23,488 basehttp 3693 140128005650176 "GET /admin/demandware/productmaster/add/ HTTP/1.1" 200 12477
INFO 2017-06-13 12:43:28,537 basehttp 3693 140128005650176 "GET /admin/demandware/productmaster/add/ HTTP/1.1" 200 12475
INFO 2017-06-13 12:43:49,353 handle_uploaded 3693 140128005650176 None
INFO 2017-06-13 12:43:54,531 basehttp 3693 140128005650176 "POST /admin/demandware/productmaster/add/ HTTP/1.1" 200 12520
INFO 2017-06-13 12:44:05,643 basehttp 3693 140128005650176 "GET /__debug__/render_panel/?store_id=82aba119f5dc4a46985049ef362a705f&panel_id=LoggingPanel HTTP/1.1" 200 391
INFO 2017-06-13 12:44:41,868 handle_uploaded 3693 140128005650176 None
INFO 2017-06-13 12:44:44,555 basehttp 3693 140128005650176 "POST /admin/demandware/productmaster/add/ HTTP/1.1" 200 12518
ERROR 2017-06-13 12:45:10,276 basehttp 3693 140128005650176 "POST /admin/demandware/productmaster/add/ HTTP/1.1" 500 196174
INFO 2017-06-13 12:45:42,496 basehttp 3693 140128005650176 "GET /__debug__/render_panel/?store_id=809ac8fd7cf6497caeb00ed103cf1289&panel_id=RequestPanel HTTP/1.1" 200 1978
INFO 2017-06-13 12:46:09,979 basehttp 3693 140128005650176 "GET /admin/demandware/productmaster/add/ HTTP/1.1" 200 12477
INFO 2017-06-13 12:46:38,773 handle_uploaded 3693 140128005650176 None
INFO 2017-06-13 12:46:41,036 basehttp 3693 140128005650176 "POST /admin/demandware/productmaster/add/ HTTP/1.1" 200 12518
INFO 2017-06-13 12:46:59,472 handle_uploaded 3693 140128005650176 None
INFO 2017-06-13 12:47:03,721 basehttp 3693 140128005650176 "POST /admin/demandware/productmaster/add/ HTTP/1.1" 200 12517
INFO 2017-06-13 12:49:27,406 basehttp 3730 140465928922880 "GET /admin/demandware/productmaster/add/ HTTP/1.1" 200 12477
WARNING 2017-06-13 12:50:00,283 basehttp 3730 140465928922880 "GET /favicon.ico HTTP/1.1" 404 11722
INFO 2017-06-13 12:50:02,790 basehttp 3730 140465928922880 "GET /admin/demandware/productmaster/add/ HTTP/1.1" 200 12476
INFO 2017-06-13 12:51:11,929 basehttp 3757 140075485652736 "GET /admin/demandware/productmaster/add/ HTTP/1.1" 200 12477
INFO 2017-06-13 12:51:31,704 handle_uploaded 3757 140075485652736 None
INFO 2017-06-13 12:51:33,682 basehttp 3757 140075485652736 "POST /admin/demandware/productmaster/add/ HTTP/1.1" 200 12520
INFO 2017-06-13 12:57:33,852 basehttp 3786 139893948188416 "GET /admin/demandware/productmaster/add/ HTTP/1.1" 200 12477
INFO 2017-06-13 12:57:58,263 handle_uploaded 3786 139893948188416 None
INFO 2017-06-13 12:58:01,559 basehttp 3786 139893948188416 "POST /admin/demandware/productmaster/add/ HTTP/1.1" 200 12520
INFO 2017-06-13 12:58:15,031 basehttp 3786 139893948188416 "GET /admin/demandware/productmaster/add/ HTTP/1.1" 200 12477
ERROR 2017-06-13 12:58:32,717 basehttp 3786 139893948188416 "POST /admin/demandware/productmaster/add/ HTTP/1.1" 500 196174
INFO 2017-06-13 14:16:06,648 basehttp 4234 140236026349312 "GET /admin/demandware/productmaster/add/ HTTP/1.1" 200 12477
INFO 2017-06-13 14:16:38,943 basehttp 4234 140236026349312 "POST /admin/demandware/productmaster/add/ HTTP/1.1" 200 12521
INFO 2017-06-13 14:19:07,262 basehttp 4392 140178388498176 "GET /admin/demandware/productmaster/add/ HTTP/1.1" 200 12477
INFO 2017-06-13 14:19:34,766 basehttp 4392 140178388498176 "POST /admin/demandware/productmaster/add/ HTTP/1.1" 200 20093
INFO 2017-06-13 14:29:38,901 basehttp 4426 140608542004992 "GET /admin/demandware/productmaster/add/ HTTP/1.1" 200 12477
INFO 2017-06-13 14:30:49,409 basehttp 4473 140463080208128 "GET /admin/demandware/productmaster/add/ HTTP/1.1" 200 12477
ERROR 2017-06-13 14:31:14,174 basehttp 4473 140463080208128 "POST /admin/demandware/productmaster/add/ HTTP/1.1" 500 128366
ERROR 2017-06-13 14:31:14,714 basehttp 4473 140463071815424 "POST /admin/demandware/productmaster/add/ HTTP/1.1" 500 128366
INFO 2017-06-13 14:35:44,178 basehttp 4473 140463071815424 "GET /admin/demandware/productmaster/add/ HTTP/1.1" 200 12475
INFO 2017-06-13 14:37:04,015 basehttp 4519 140695935993600 "POST /admin/demandware/productmaster/add/ HTTP/1.1" 200 12518
INFO 2017-06-13 14:37:25,097 basehttp 4519 140695935993600 "GET /admin/demandware/productmaster/add/ HTTP/1.1" 200 12477
INFO 2017-06-13 14:37:52,249 basehttp 4519 140695935993600 "POST /admin/demandware/productmaster/add/ HTTP/1.1" 200 12519
INFO 2017-06-13 14:41:03,137 basehttp 4550 139960517838592 "GET /admin/demandware/productmaster/add/ HTTP/1.1" 200 12477
ERROR 2017-06-13 14:41:36,173 basehttp 4550 139960517838592 "POST /admin/demandware/productmaster/add/ HTTP/1.1" 500 461857
INFO 2017-06-13 14:43:10,789 basehttp 4562 139643400222464 "GET /admin/demandware/productmaster/add/ HTTP/1.1" 200 12477
INFO 2017-06-13 14:43:17,187 basehttp 4562 139643400222464 "GET /admin/demandware/productmaster/add/ HTTP/1.1" 200 12477
INFO 2017-06-13 14:43:42,848 basehttp 4562 139643391829760 "POST /admin/demandware/productmaster/add/ HTTP/1.1" 200 12521
INFO 2017-06-13 14:52:58,979 basehttp 4618 139763278423808 "GET /admin/demandware/productmaster/add/ HTTP/1.1" 200 12477
INFO 2017-06-13 14:53:09,995 basehttp 4618 139763278423808 "GET /admin/demandware/productmaster/add/ HTTP/1.1" 200 12477
INFO 2017-06-13 14:53:30,183 basehttp 4618 139763278423808 "POST /admin/demandware/productmaster/add/ HTTP/1.1" 200 12616
INFO 2017-06-13 14:54:42,225 basehttp 4618 139763278423808 "POST /admin/demandware/productmaster/add/ HTTP/1.1" 200 12614
INFO 2017-06-13 14:59:42,922 basehttp 4690 140217848555264 "GET /admin/demandware/productmaster/add/ HTTP/1.1" 200 12475
INFO 2017-06-13 14:59:58,077 handle_uploaded 4690 140217848555264 398
INFO 2017-06-13 15:00:18,363 basehttp 4690 140217848555264 "POST /admin/demandware/productmaster/add/ HTTP/1.1" 200 12611
INFO 2017-06-13 15:00:46,765 handle_uploaded 4690 140217848555264 398
INFO 2017-06-13 15:00:58,918 basehttp 4690 140217848555264 "POST /admin/demandware/productmaster/add/ HTTP/1.1" 200 12611
INFO 2017-06-13 15:01:23,634 handle_uploaded 4690 140217848555264 371
INFO 2017-06-13 15:01:33,209 basehttp 4690 140217848555264 "POST /admin/demandware/productmaster/add/ HTTP/1.1" 200 12611
INFO 2017-06-13 15:03:20,222 basehttp 4704 140051538958080 "GET /admin/demandware/productmaster/add/ HTTP/1.1" 200 12475
INFO 2017-06-13 15:03:31,405 handle_uploaded 4704 140051538958080 370
ERROR 2017-06-13 15:03:40,608 basehttp 4704 140051538958080 "POST /admin/demandware/productmaster/add/ HTTP/1.1" 500 115669
INFO 2017-06-13 15:04:21,213 basehttp 4704 140051538958080 "GET /admin/demandware/productmaster/add/ HTTP/1.1" 200 12473
INFO 2017-06-13 15:04:27,700 basehttp 4704 140051538958080 "GET /admin/demandware/productmaster/add/ HTTP/1.1" 200 12476
INFO 2017-06-13 15:04:28,760 basehttp 4704 140051513779968 "GET /admin/demandware/productmaster/add/ HTTP/1.1" 200 12475
INFO 2017-06-13 15:04:29,410 basehttp 4704 140051166000896 "GET /admin/demandware/productmaster/add/ HTTP/1.1" 200 12475
INFO 2017-06-13 15:04:30,124 basehttp 4704 140051530565376 "GET /admin/demandware/productmaster/add/ HTTP/1.1" 200 12475
INFO 2017-06-13 15:04:41,739 handle_uploaded 4704 140051530565376 370
ERROR 2017-06-13 15:04:51,417 basehttp 4704 140051530565376 "POST /admin/demandware/productmaster/add/ HTTP/1.1" 500 115673
INFO 2017-06-13 15:05:40,014 basehttp 4704 140051530565376 "GET /admin/demandware/productmaster/add/ HTTP/1.1" 200 12473
INFO 2017-06-13 15:05:48,796 handle_uploaded 4704 140051530565376 370
INFO 2017-06-13 15:05:59,456 basehttp 4704 140051530565376 "POST /admin/demandware/productmaster/add/ HTTP/1.1" 200 12476
INFO 2017-06-13 15:16:01,274 basehttp 4813 139806374340352 "GET /admin/demandware/productmaster/add/ HTTP/1.1" 200 12480
INFO 2017-06-13 15:16:13,875 handle_uploaded 4813 139806374340352 371
ERROR 2017-06-13 15:16:58,276 basehttp 4813 139806374340352 "POST /admin/demandware/productmaster/add/ HTTP/1.1" 500 474322
INFO 2017-06-13 15:19:11,679 basehttp 4837 140558182156032 "GET /admin/demandware/productmaster/add/ HTTP/1.1" 200 12480
INFO 2017-06-13 15:19:21,833 handle_uploaded 4837 140558182156032 372
ERROR 2017-06-13 15:19:57,833 basehttp 4837 140558182156032 "POST /admin/demandware/productmaster/add/ HTTP/1.1" 500 474323
INFO 2017-06-13 15:23:21,628 basehttp 4856 140468225332992 "GET /admin/demandware/productmaster/add/ HTTP/1.1" 200 12480
INFO 2017-06-13 15:23:31,152 handle_uploaded 4856 140468225332992 372
INFO 2017-06-13 15:23:48,901 basehttp 4856 140468225332992 "POST /admin/demandware/productmaster/add/ HTTP/1.1" 200 12876
INFO 2017-06-13 15:23:49,441 basehttp 4856 140468225332992 "GET /static/admin/img/icon-no.svg HTTP/1.1" 200 560
INFO 2017-06-13 15:27:31,601 basehttp 5085 139879408764672 "GET /admin/demandware/productmaster/add/ HTTP/1.1" 200 12480
INFO 2017-06-13 15:27:39,645 handle_uploaded 5085 139879408764672 372
INFO 2017-06-13 15:27:53,670 basehttp 5085 139879408764672 "POST /admin/demandware/productmaster/add/ HTTP/1.1" 200 12828
INFO 2017-06-13 15:29:32,938 handle_uploaded 5085 139879408764672 371
INFO 2017-06-13 15:29:39,775 basehttp 5085 139879408764672 "POST /admin/demandware/productmaster/add/ HTTP/1.1" 200 12649
INFO 2017-06-13 15:30:32,484 handle_uploaded 5085 139879408764672 370
INFO 2017-06-13 15:30:39,352 basehttp 5085 139879408764672 "POST /admin/demandware/productmaster/add/ HTTP/1.1" 200 12476
INFO 2017-06-13 15:32:24,197 basehttp 5136 140701031728896 "GET /admin/demandware/productmaster/add/ HTTP/1.1" 200 12489
INFO 2017-06-13 15:32:34,846 handle_uploaded 5136 140701031728896 370
INFO 2017-06-13 15:32:47,007 basehttp 5136 140701031728896 "POST /admin/demandware/productmaster/add/ HTTP/1.1" 200 12601
INFO 2017-06-13 15:32:47,313 basehttp 5136 140701031728896 "GET /static/admin/img/icon-yes.svg HTTP/1.1" 200 436
INFO 2017-06-13 15:40:42,840 basehttp 5188 139705655580416 "GET /admin/demandware/productmaster/add/ HTTP/1.1" 200 12489
INFO 2017-06-13 15:40:50,982 handle_uploaded 5188 139705655580416 370
INFO 2017-06-13 15:41:03,671 basehttp 5188 139705655580416 "POST /admin/demandware/productmaster/add/ HTTP/1.1" 200 12619
INFO 2017-06-13 15:42:05,787 handle_uploaded 5197 140527215359744 371
INFO 2017-06-13 15:42:20,678 basehttp 5197 140527215359744 "POST /admin/demandware/productmaster/add/ HTTP/1.1" 200 12746
INFO 2017-06-13 15:43:21,785 basehttp 5197 140527215359744 "GET /admin/demandware/productmaster/add/ HTTP/1.1" 200 12489
INFO 2017-06-13 15:43:43,282 basehttp 5214 140366529992448 "GET /admin/demandware/productmaster/add/ HTTP/1.1" 200 12482
INFO 2017-06-13 15:43:54,860 handle_uploaded 5214 140366529992448 371
INFO 2017-06-13 15:44:12,955 basehttp 5214 140366529992448 "POST /admin/demandware/productmaster/add/ HTTP/1.1" 200 12739
INFO 2017-06-13 15:44:44,945 basehttp 5214 140366529992448 "GET /admin/demandware/productmaster/add/ HTTP/1.1" 200 12482
INFO 2017-06-13 15:45:51,541 basehttp 5230 139758383879936 "GET /admin/demandware/productmaster/add/ HTTP/1.1" 200 12482
INFO 2017-06-13 15:46:00,185 handle_uploaded 5230 139758383879936 371
INFO 2017-06-13 15:46:14,831 basehttp 5230 139758383879936 "POST /admin/demandware/productmaster/add/ HTTP/1.1" 200 12656
INFO 2017-06-13 15:46:42,199 handle_uploaded 5230 139758383879936 370
INFO 2017-06-13 15:46:47,486 basehttp 5230 139758383879936 "POST /admin/demandware/productmaster/add/ HTTP/1.1" 200 12611
INFO 2017-06-13 15:47:22,602 handle_uploaded 5230 139758383879936 370
INFO 2017-06-13 15:47:29,926 basehttp 5230 139758383879936 "POST /admin/demandware/productmaster/add/ HTTP/1.1" 200 12613
INFO 2017-06-13 15:55:01,631 basehttp 5305 139922666985216 "GET /admin/demandware/productmaster/add/ HTTP/1.1" 200 12572
INFO 2017-06-13 15:55:53,963 basehttp 5314 140297224845056 "GET /admin/demandware/productmaster/add/ HTTP/1.1" 200 12482
INFO 2017-06-13 15:55:54,000 basehttp 5314 140297233237760 "GET /admin/demandware/productmaster/add/ HTTP/1.1" 200 12482
INFO 2017-06-13 15:56:00,978 basehttp 5314 140297224845056 "GET /admin/demandware/productmaster/add/ HTTP/1.1" 200 12482
INFO 2017-06-13 16:04:05,458 basehttp 5353 140113770080000 "GET /admin/demandware/productmaster/add/ HTTP/1.1" 200 12572
INFO 2017-06-13 16:06:03,924 basehttp 5394 139944914216704 "GET /admin/demandware/productmaster/add/ HTTP/1.1" 200 12572
INFO 2017-06-13 16:06:28,582 handle_uploaded 5394 139944914216704 370
INFO 2017-06-13 16:06:39,756 basehttp 5394 139944914216704 "POST /admin/demandware/productmaster/add/ HTTP/1.1" 200 12699
INFO 2017-06-13 16:07:44,840 basehttp 5406 140368028256000 "GET /admin/demandware/productmaster/add/ HTTP/1.1" 200 12571
INFO 2017-06-13 16:07:55,570 handle_uploaded 5406 140368028256000 370
INFO 2017-06-13 16:07:56,559 basehttp 5406 140368028256000 "POST /admin/demandware/productmaster/add/ HTTP/1.1" 200 12654
INFO 2017-06-13 16:09:26,086 basehttp 5429 140231755953920 "GET /__debug__/render_panel/?store_id=2d6658d1a4934e228f0f50642fbccffc&panel_id=SQLPanel HTTP/1.1" 200 89
INFO 2017-06-13 16:10:53,210 basehttp 5429 140231755953920 "GET /admin/demandware/productmaster/add/ HTTP/1.1" 200 12572
INFO 2017-06-13 16:11:14,621 handle_uploaded 5429 140231755953920 370
INFO 2017-06-13 16:11:15,714 basehttp 5429 140231755953920 "POST /admin/demandware/productmaster/add/ HTTP/1.1" 200 12655
INFO 2017-06-13 16:11:34,681 basehttp 5429 140231755953920 "GET /admin/demandware/productmaster/add/ HTTP/1.1" 200 12572
INFO 2017-06-13 16:11:56,431 basehttp 5449 139846349747968 "GET /admin/demandware/productmaster/add/ HTTP/1.1" 200 12572
INFO 2017-06-13 16:12:03,605 handle_uploaded 5449 139846349747968 370
INFO 2017-06-13 16:12:05,100 basehttp 5449 139846349747968 "POST /admin/demandware/productmaster/add/ HTTP/1.1" 200 12655
INFO 2017-06-13 16:12:49,285 basehttp 5449 139846349747968 "GET /admin/demandware/productmaster/add/ HTTP/1.1" 200 12570
INFO 2017-06-13 16:13:12,423 handle_uploaded 5466 139906466182912 370
INFO 2017-06-13 16:13:14,117 basehttp 5466 139906466182912 "POST /admin/demandware/productmaster/add/ HTTP/1.1" 200 12655
INFO 2017-06-13 16:14:50,501 basehttp 5493 140535253124864 "GET /admin/demandware/productmaster/add/ HTTP/1.1" 200 12572
INFO 2017-06-13 16:15:02,801 handle_uploaded 5493 140535253124864 370
INFO 2017-06-13 16:15:03,765 basehttp 5493 140535253124864 "POST /admin/demandware/productmaster/add/ HTTP/1.1" 200 12655
INFO 2017-06-13 16:17:04,530 basehttp 5510 139757755373312 "GET /admin/demandware/productmaster/add/ HTTP/1.1" 200 12572
INFO 2017-06-13 16:17:20,533 handle_uploaded 5510 139757755373312 370
INFO 2017-06-13 16:17:21,839 basehttp 5510 139757755373312 "POST /admin/demandware/productmaster/add/ HTTP/1.1" 200 12655
INFO 2017-06-13 16:18:16,706 basehttp 5525 140496964663040 "GET /admin/demandware/productmaster/add/ HTTP/1.1" 200 12482
INFO 2017-06-13 16:18:26,448 basehttp 5525 140496964663040 "GET /admin/demandware/productmaster/add/ HTTP/1.1" 200 12482
INFO 2017-06-13 16:18:33,908 handle_uploaded 5525 140496964663040 370
ERROR 2017-06-13 16:18:39,937 basehttp 5525 140496964663040 "POST /admin/demandware/productmaster/add/ HTTP/1.1" 500 123647
INFO 2017-06-13 16:19:29,049 basehttp 5547 140325183457024 "GET /admin/demandware/productmaster/add/ HTTP/1.1" 200 12482
INFO 2017-06-13 16:19:41,432 basehttp 5547 140325183457024 "GET /admin/demandware/productmaster/add/ HTTP/1.1" 200 12482
INFO 2017-06-13 16:19:50,365 handle_uploaded 5547 140325183457024 370
ERROR 2017-06-13 16:19:56,332 basehttp 5547 140325183457024 "POST /admin/demandware/productmaster/add/ HTTP/1.1" 500 123709
INFO 2017-06-13 16:21:32,736 basehttp 5577 140132885681920 "GET /admin/demandware/productmaster/add/ HTTP/1.1" 200 12482
INFO 2017-06-13 16:21:44,683 handle_uploaded 5577 140132885681920 370
ERROR 2017-06-13 16:21:49,672 basehttp 5577 140132885681920 "POST /admin/demandware/productmaster/add/ HTTP/1.1" 500 123761
INFO 2017-06-13 16:23:09,243 basehttp 5591 139915548067584 "GET /admin/demandware/productmaster/add/ HTTP/1.1" 200 12482
INFO 2017-06-13 16:23:20,094 handle_uploaded 5591 139915548067584 370
ERROR 2017-06-13 16:23:24,860 basehttp 5591 139915548067584 "POST /admin/demandware/productmaster/add/ HTTP/1.1" 500 123772
INFO 2017-06-13 16:24:43,435 basehttp 5614 140338101757696 "GET /admin/demandware/productmaster/add/ HTTP/1.1" 200 12482
INFO 2017-06-13 16:24:54,791 handle_uploaded 5614 140338101757696 370
ERROR 2017-06-13 16:25:10,971 basehttp 5614 140338101757696 "POST /admin/demandware/productmaster/add/ HTTP/1.1" 500 126636
INFO 2017-06-13 16:27:35,277 basehttp 5660 139930090686208 "GET /admin/demandware/productmaster/add/ HTTP/1.1" 200 12482
INFO 2017-06-13 16:27:35,376 basehttp 5660 139930082293504 "GET /admin/demandware/productmaster/add/ HTTP/1.1" 200 12485
INFO 2017-06-13 16:27:50,756 handle_uploaded 5660 139930082293504 370
INFO 2017-06-13 16:28:32,708 basehttp 5660 139930082293504 "POST /admin/demandware/productmaster/add/ HTTP/1.1" 200 12613
INFO 2017-06-13 16:29:41,827 basehttp 5687 140351500912384 "GET /admin/demandware/productmaster/add/ HTTP/1.1" 200 12482
INFO 2017-06-13 16:29:56,430 handle_uploaded 5687 140351500912384 370
INFO 2017-06-13 16:30:31,002 basehttp 5687 140351500912384 "POST /admin/demandware/productmaster/add/ HTTP/1.1" 200 12657
INFO 2017-06-13 16:31:30,381 handle_uploaded 5687 140351500912384 370
INFO 2017-06-13 16:32:00,133 basehttp 5687 140351500912384 "POST /admin/demandware/productmaster/add/ HTTP/1.1" 200 12614
INFO 2017-06-13 16:42:39,475 handle_uploaded 5757 140257171502848 370
INFO 2017-06-13 16:43:29,473 basehttp 5757 140257171502848 "POST /admin/demandware/productmaster/add/ HTTP/1.1" 200 12614
INFO 2017-06-13 17:01:08,977 basehttp 5897 140160901711616 "GET /admin/demandware/ HTTP/1.1" 302 0
INFO 2017-06-13 17:01:10,888 basehttp 5897 140160901711616 "GET /admin/login/?next=/admin/demandware/ HTTP/1.1" 200 11244
INFO 2017-06-13 17:01:11,003 basehttp 5897 140160901711616 "GET /static/admin/css/login.css HTTP/1.1" 200 1203
INFO 2017-06-13 17:01:30,667 basehttp 5897 140160901711616 "POST /admin/login/?next=/admin/demandware/ HTTP/1.1" 302 0
WARNING 2017-06-13 17:01:34,652 basehttp 5897 140160901711616 "GET /admin/demandware/ HTTP/1.1" 404 11287
ERROR 2017-06-13 17:01:52,117 basehttp 5897 140160901711616 "GET /admin/demandware/categorymeta/ HTTP/1.1" 500 110272
INFO 2017-06-13 17:02:03,883 basehttp 5897 140160901711616 "GET /admin HTTP/1.1" 301 0
INFO 2017-06-13 17:02:08,647 basehttp 5897 140160901711616 "GET /admin/ HTTP/1.1" 200 11425
INFO 2017-06-13 17:02:22,512 basehttp 5897 140160901711616 "GET /admin/logout/ HTTP/1.1" 200 10593
INFO 2017-06-13 17:02:24,757 basehttp 5897 140160901711616 "GET /admin/ HTTP/1.1" 302 0
INFO 2017-06-13 17:02:25,612 basehttp 5897 140160901711616 "GET /admin/login/?next=/admin/ HTTP/1.1" 200 11220
INFO 2017-06-13 17:02:34,879 basehttp 5897 140160901711616 "POST /admin/login/?next=/admin/ HTTP/1.1" 302 0
INFO 2017-06-13 17:02:38,665 basehttp 5897 140160901711616 "GET /admin/ HTTP/1.1" 200 14984
INFO 2017-06-13 17:02:38,993 basehttp 5897 140160901711616 "GET /static/admin/img/icon-addlink.svg HTTP/1.1" 304 0
INFO 2017-06-13 17:02:39,016 basehttp 5897 140160805099264 "GET /static/admin/img/icon-changelink.svg HTTP/1.1" 304 0
INFO 2017-06-13 17:02:53,330 basehttp 5897 140160805099264 "GET /admin/demandware/relatedproduct/add/ HTTP/1.1" 200 13060
INFO 2017-06-13 17:05:00,591 basehttp 5921 140379446269696 "GET /admin/demandware/relatedproduct/add/ HTTP/1.1" 200 13059
INFO 2017-06-13 17:05:56,112 basehttp 5943 139766747973376 "GET /admin/demandware/relatedproduct/add/ HTTP/1.1" 200 13060
INFO 2017-06-13 17:06:13,192 handle_uploaded 5943 139766747973376 34
INFO 2017-06-13 17:06:16,339 basehttp 5943 139766747973376 "POST /admin/demandware/relatedproduct/add/ HTTP/1.1" 200 13187
INFO 2017-06-13 17:08:04,253 basehttp 5959 140067316594432 "GET /admin/demandware/relatedproduct/add/ HTTP/1.1" 200 13061
INFO 2017-06-13 17:08:11,678 handle_uploaded 5959 140067316594432 31
INFO 2017-06-13 17:08:14,336 basehttp 5959 140067316594432 "POST /admin/demandware/relatedproduct/add/ HTTP/1.1" 200 13796
INFO 2017-06-13 17:09:45,261 basehttp 5976 139783653132032 "GET /admin/demandware/relatedproduct/add/ HTTP/1.1" 200 13059
INFO 2017-06-13 17:09:54,316 handle_uploaded 5976 139783653132032 31
INFO 2017-06-13 17:10:43,213 basehttp 5976 139783653132032 "POST /admin/demandware/relatedproduct/add/ HTTP/1.1" 200 13192
INFO 2017-06-13 17:19:22,469 basehttp 6057 140137650571008 "GET /admin/demandware/ HTTP/1.1" 200 13799
INFO 2017-06-13 17:19:35,268 basehttp 6057 140137650571008 "GET /admin/demandware/variant/add/ HTTP/1.1" 200 13027
INFO 2017-06-13 17:20:50,819 basehttp 6070 140257077298944 "GET /admin/demandware/variant/add/ HTTP/1.1" 200 13027
INFO 2017-06-13 17:21:02,394 handle_uploaded 6070 140257077298944 86
INFO 2017-06-13 17:21:39,149 basehttp 6070 140257077298944 "POST /admin/demandware/variant/add/ HTTP/1.1" 200 13160
INFO 2017-06-13 17:32:40,896 basehttp 6118 140529105180416 "GET /admin/demandware/ HTTP/1.1" 200 13799
INFO 2017-06-13 18:15:50,265 basehttp 6118 140529105180416 "GET /admin/demandware/productimage/add/ HTTP/1.1" 200 13051
INFO 2017-06-13 18:27:17,266 handle_uploaded 6118 140529105180416 57
INFO 2017-06-13 18:27:44,069 basehttp 6118 140529105180416 "POST /admin/demandware/productimage/add/ HTTP/1.1" 200 13184
INFO 2017-06-13 19:14:10,864 basehttp 6686 140252559701760 "GET /admin/demandware/productimage/add/ HTTP/1.1" 200 13051
INFO 2017-06-13 19:14:15,633 basehttp 6686 140252559701760 "GET /admin/demandware/productimage/add/ HTTP/1.1" 200 13049
INFO 2017-06-13 19:14:21,465 basehttp 6686 140252559701760 "GET /admin/demandware/ HTTP/1.1" 200 13794
INFO 2017-06-13 19:14:26,146 basehttp 6686 140252559701760 "GET /admin/demandware/category/add/ HTTP/1.1" 200 13029
INFO 2017-06-13 19:14:41,901 handle_uploaded 6686 140252559701760 71
INFO 2017-06-13 19:14:47,282 basehttp 6686 140252559701760 "POST /admin/demandware/category/add/ HTTP/1.1" 200 13161
INFO 2017-06-13 19:16:48,647 basehttp 6716 140196868519680 "GET /admin/demandware/category/add/ HTTP/1.1" 200 13031
INFO 2017-06-13 19:16:55,266 handle_uploaded 6716 140196868519680 71
INFO 2017-06-13 19:16:58,379 basehttp 6716 140196868519680 "POST /admin/demandware/category/add/ HTTP/1.1" 200 13160
INFO 2017-06-13 19:18:19,316 basehttp 6764 140381577533184 "GET /admin/demandware/category/add/ HTTP/1.1" 200 13031
INFO 2017-06-13 19:18:38,860 handle_uploaded 6764 140381577533184 71
INFO 2017-06-13 19:18:42,249 basehttp 6764 140381577533184 "POST /admin/demandware/category/add/ HTTP/1.1" 200 13161
INFO 2017-06-13 19:19:27,096 handle_uploaded 6789 140140850337536 71
ERROR 2017-06-13 19:19:32,437 basehttp 6789 140140850337536 "POST /admin/demandware/category/add/ HTTP/1.1" 500 144057
INFO 2017-06-13 19:22:15,916 handle_uploaded 6807 139681530377984 71
ERROR 2017-06-13 19:22:21,418 basehttp 6807 139681530377984 "POST /admin/demandware/category/add/ HTTP/1.1" 500 144019
INFO 2017-06-13 19:26:13,572 handle_uploaded 6827 140567249020672 71
ERROR 2017-06-13 19:26:19,634 basehttp 6827 140567249020672 "POST /admin/demandware/category/add/ HTTP/1.1" 500 173485
INFO 2017-06-13 19:27:14,931 handle_uploaded 6835 140603978184448 71
INFO 2017-06-13 19:27:26,337 basehttp 6835 140603978184448 "POST /admin/demandware/category/add/ HTTP/1.1" 200 13162
INFO 2017-06-13 19:28:08,161 handle_uploaded 6841 139947881248512 71
ERROR 2017-06-13 19:28:25,433 basehttp 6841 139947881248512 "POST /admin/demandware/category/add/ HTTP/1.1" 500 423546
INFO 2017-06-13 19:35:38,606 basehttp 6938 140381489534720 "GET /admin/demandware/category/add/ HTTP/1.1" 200 13031
INFO 2017-06-13 19:41:29,241 basehttp 7009 139661843310336 "GET /admin/demandware/category/add/ HTTP/1.1" 200 13031
INFO 2017-06-13 19:41:40,594 handle_uploaded 7009 139661843310336 71
ERROR 2017-06-13 19:41:48,505 basehttp 7009 139661843310336 "POST /admin/demandware/category/add/ HTTP/1.1" 500 236660
INFO 2017-06-13 19:44:27,286 basehttp 7034 140233613420288 "GET /admin/demandware/category/add/ HTTP/1.1" 200 13031
INFO 2017-06-13 19:44:42,480 handle_uploaded 7034 140233613420288 71
ERROR 2017-06-13 19:44:47,355 basehttp 7034 140233613420288 "POST /admin/demandware/category/add/ HTTP/1.1" 500 135946
INFO 2017-06-13 19:47:01,940 handle_uploaded 7046 139969487083264 71
ERROR 2017-06-13 19:47:25,505 basehttp 7046 139969487083264 "POST /admin/demandware/category/add/ HTTP/1.1" 500 193131
INFO 2017-06-13 19:48:19,816 handle_uploaded 7068 140341790582528 71
ERROR 2017-06-13 19:48:36,383 basehttp 7068 140341790582528 "POST /admin/demandware/category/add/ HTTP/1.1" 500 135341
INFO 2017-06-13 19:50:46,350 handle_uploaded 7088 140286689281792 71
ERROR 2017-06-13 19:51:03,428 basehttp 7088 140286689281792 "POST /admin/demandware/category/add/ HTTP/1.1" 500 135341
INFO 2017-06-13 19:51:54,033 handle_uploaded 7088 140286689281792 71
ERROR 2017-06-13 19:52:18,886 basehttp 7088 140286689281792 "POST /admin/demandware/category/add/ HTTP/1.1" 500 135341
INFO 2017-06-13 19:53:58,766 basehttp 7088 140286689281792 "GET /admin/demandware/category/add/ HTTP/1.1" 200 13029
INFO 2017-06-13 19:54:16,325 handle_uploaded 7088 140286689281792 53
INFO 2017-06-13 19:54:37,353 basehttp 7088 140286689281792 "POST /admin/demandware/category/add/ HTTP/1.1" 200 13165
INFO 2017-06-13 19:55:03,266 handle_uploaded 7088 140286689281792 53
INFO 2017-06-13 19:55:17,279 basehttp 7088 140286689281792 "POST /admin/demandware/category/add/ HTTP/1.1" 200 13163
INFO 2017-06-13 20:00:13,130 basehttp 7171 139854049171200 "GET /admin/demandware/ HTTP/1.1" 200 13796
INFO 2017-06-13 20:01:26,299 basehttp 7183 140572143404800 "GET /admin/demandware/ HTTP/1.1" 200 14135
INFO 2017-06-13 20:01:31,287 basehttp 7183 140572143404800 "GET /admin/demandware/productcategory/add/ HTTP/1.1" 200 13061
INFO 2017-06-13 20:01:55,950 handle_uploaded 7183 140572143404800 23
INFO 2017-06-13 20:01:56,977 basehttp 7183 140572143404800 "POST /admin/demandware/productcategory/add/ HTTP/1.1" 200 13190
INFO 2017-06-13 20:03:20,775 basehttp 7190 139960826808064 "GET /admin/demandware/ HTTP/1.1" 200 14135
